<?xml version="1.0" encoding="UTF-8"?>
<!-- Generated by org.testng.reporters.JUnitXMLReporter -->
<testsuite ignored="0" hostname="LAPTOP-KRDH09GV" failures="0" tests="48" name="Test" time="266.343" errors="0" timestamp="2024-07-08T22:25:48 IST">
  <testcase classname="mytest.Program1" name="verifyTitle" time="0.04"/>
  <testcase classname="mytest.Program1" name="verifyTitle" time="0.022"/>
  <testcase classname="mytest.Program2" name="loginwithinvalidcredential" time="7.257"/>
  <testcase classname="mytest.Program2" name="loginwithvalidcredential" time="5.691"/>
  <testcase classname="mytest.Program1" name="verifyTitle" time="0.017"/>
  <testcase classname="mytest.Program2" name="loginwithinvalidcredential" time="8.052"/>
  <testcase classname="mytest.Program2" name="loginwithvalidcredential" time="5.48"/>
  <testcase classname="mytest.Program3" name="searchproduct" time="2.0"/>
  <testcase classname="mytest.Program3" name="scrolldown" time="2.04"/>
  <testcase classname="mytest.Program3" name="selectproduct" time="1.699"/>
  <testcase classname="mytest.Program1" name="verifyTitle" time="0.017"/>
  <testcase classname="mytest.Program2" name="loginwithinvalidcredential" time="8.475"/>
  <testcase classname="mytest.Program2" name="loginwithvalidcredential" time="6.021"/>
  <testcase classname="mytest.Program3" name="searchproduct" time="2.026"/>
  <testcase classname="mytest.Program3" name="scrolldown" time="2.042"/>
  <testcase classname="mytest.Program3" name="selectproduct" time="1.819"/>
  <testcase classname="mytest.Program4" name="addtocart" time="4.563"/>
  <testcase classname="mytest.Program4" name="proceedtocheckout" time="6.963"/>
  <testcase classname="mytest.Program1" name="verifyTitle" time="0.018"/>
  <testcase classname="mytest.Program2" name="loginwithinvalidcredential" time="8.019"/>
  <testcase classname="mytest.Program2" name="loginwithvalidcredential" time="5.277"/>
  <testcase classname="mytest.Program3" name="searchproduct" time="1.945"/>
  <testcase classname="mytest.Program3" name="scrolldown" time="2.027"/>
  <testcase classname="mytest.Program3" name="selectproduct" time="1.66"/>
  <testcase classname="mytest.Program4" name="addtocart" time="4.596"/>
  <testcase classname="mytest.Program4" name="proceedtocheckout" time="6.785"/>
  <testcase classname="mytest.Program5" name="proceedtopayment" time="11.938"/>
  <testcase classname="mytest.Program5" name="placeorder" time="3.692"/>
  <testcase classname="mytest.Program1" name="verifyTitle" time="0.008"/>
  <testcase classname="mytest.Program6" name="totallinksinhomepage" time="1.23"/>
  <testcase classname="mytest.Program1" name="verifyTitle" time="0.008"/>
  <testcase classname="mytest.Program7" name="checklogin_validation" time="1.944"/>
  <testcase classname="mytest.Program8" name="openBrowser" time="1.699"/>
  <testcase classname="mytest.Program8" name="searchshirt" time="5.662"/>
  <testcase classname="mytest.Program8" name="searchshirt" time="2.268"/>
  <testcase classname="mytest.Program8" name="searchshirt" time="2.168"/>
  <testcase classname="mytest.Program1" name="verifyTitle" time="0.008"/>
  <testcase classname="mytest.Program9" name="forgotpassword" time="7.359"/>
  <testcase classname="mytest.Program1" name="verifyTitle" time="0.014"/>
  <testcase classname="mytest.Program10" name="searchbox" time="1.63"/>
  <testcase classname="mytest.Program10" name="verifysortdropdown" time="0.141"/>
  <testcase classname="mytest.Program10" name="verifyreviewform" time="5.916"/>
  <testcase classname="mytest.Program1" name="verifyTitle" time="0.013"/>
  <testcase classname="mytest.Program2" name="loginwithinvalidcredential" time="8.352"/>
  <testcase classname="mytest.Program2" name="loginwithvalidcredential" time="5.519"/>
  <testcase classname="mytest.Program11" name="addtowishlist" time="12.29"/>
  <testcase classname="mytest.Program1" name="verifyTitle" time="0.013"/>
  <testcase classname="mytest.Program12" name="removeitemfromcart" time="11.508"/>
</testsuite> <!-- Test -->
