<?xml version="1.0" encoding="UTF-8"?>
<testng-results ignored="0" total="35" passed="35" failed="0" skipped="0">
  <reporter-output>
  </reporter-output>
  <suite started-at="2024-07-25T17:44:17 IST" name="Default suite" finished-at="2024-07-25T17:45:16 IST" duration-ms="58625">
    <groups>
    </groups>
    <test started-at="2024-07-25T17:44:17 IST" name="Default test" finished-at="2024-07-25T17:45:16 IST" duration-ms="58625">
      <class name="runtask.Run_login">
        <test-method is-config="true" signature="setup()[pri:0, instance:runtask.Run_login@77847718]" started-at="2024-07-25T17:44:17 IST" name="setup" finished-at="2024-07-25T17:44:30 IST" duration-ms="12732" status="PASS">
          <reporter-output>
          </reporter-output>
        </test-method> <!-- setup -->
        <test-method signature="AccountDetails()[pri:1, instance:runtask.Run_login@77847718]" started-at="2024-07-25T17:44:30 IST" name="AccountDetails" finished-at="2024-07-25T17:44:36 IST" duration-ms="5917" status="PASS">
          <reporter-output>
          </reporter-output>
        </test-method> <!-- AccountDetails -->
        <test-method signature="Manageaddress()[pri:2, instance:runtask.Run_login@77847718]" started-at="2024-07-25T17:44:36 IST" name="Manageaddress" finished-at="2024-07-25T17:44:38 IST" duration-ms="2431" status="PASS">
          <reporter-output>
          </reporter-output>
        </test-method> <!-- Manageaddress -->
        <test-method signature="Companyname()[pri:3, instance:runtask.Run_login@77847718]" started-at="2024-07-25T17:44:38 IST" name="Companyname" finished-at="2024-07-25T17:44:38 IST" duration-ms="76" status="PASS">
          <reporter-output>
          </reporter-output>
        </test-method> <!-- Companyname -->
        <test-method signature="Street()[pri:4, instance:runtask.Run_login@77847718]" started-at="2024-07-25T17:44:38 IST" name="Street" finished-at="2024-07-25T17:44:38 IST" duration-ms="61" status="PASS">
          <reporter-output>
          </reporter-output>
        </test-method> <!-- Street -->
        <test-method signature="scroll1()[pri:5, instance:runtask.Run_login@77847718]" started-at="2024-07-25T17:44:38 IST" name="scroll1" finished-at="2024-07-25T17:44:38 IST" duration-ms="0" status="PASS">
          <reporter-output>
          </reporter-output>
        </test-method> <!-- scroll1 -->
        <test-method signature="Country()[pri:6, instance:runtask.Run_login@77847718]" started-at="2024-07-25T17:44:38 IST" name="Country" finished-at="2024-07-25T17:44:39 IST" duration-ms="85" status="PASS">
          <reporter-output>
          </reporter-output>
        </test-method> <!-- Country -->
        <test-method signature="countryDropdown()[pri:7, instance:runtask.Run_login@77847718]" started-at="2024-07-25T17:44:39 IST" name="countryDropdown" finished-at="2024-07-25T17:44:39 IST" duration-ms="47" status="PASS">
          <reporter-output>
          </reporter-output>
        </test-method> <!-- countryDropdown -->
        <test-method signature="State()[pri:8, instance:runtask.Run_login@77847718]" started-at="2024-07-25T17:44:39 IST" name="State" finished-at="2024-07-25T17:44:39 IST" duration-ms="73" status="PASS">
          <reporter-output>
          </reporter-output>
        </test-method> <!-- State -->
        <test-method signature="stateDropdown()[pri:9, instance:runtask.Run_login@77847718]" started-at="2024-07-25T17:44:39 IST" name="stateDropdown" finished-at="2024-07-25T17:44:39 IST" duration-ms="31" status="PASS">
          <reporter-output>
          </reporter-output>
        </test-method> <!-- stateDropdown -->
        <test-method signature="Cityname()[pri:10, instance:runtask.Run_login@77847718]" started-at="2024-07-25T17:44:39 IST" name="Cityname" finished-at="2024-07-25T17:44:39 IST" duration-ms="61" status="PASS">
          <reporter-output>
          </reporter-output>
        </test-method> <!-- Cityname -->
        <test-method signature="Postcode()[pri:11, instance:runtask.Run_login@77847718]" started-at="2024-07-25T17:44:39 IST" name="Postcode" finished-at="2024-07-25T17:44:39 IST" duration-ms="57" status="PASS">
          <reporter-output>
          </reporter-output>
        </test-method> <!-- Postcode -->
        <test-method signature="Telephonenum()[pri:12, instance:runtask.Run_login@77847718]" started-at="2024-07-25T17:44:39 IST" name="Telephonenum" finished-at="2024-07-25T17:44:39 IST" duration-ms="60" status="PASS">
          <reporter-output>
          </reporter-output>
        </test-method> <!-- Telephonenum -->
        <test-method signature="Saveaddress()[pri:13, instance:runtask.Run_login@77847718]" started-at="2024-07-25T17:44:39 IST" name="Saveaddress" finished-at="2024-07-25T17:44:41 IST" duration-ms="1894" status="PASS">
          <reporter-output>
          </reporter-output>
        </test-method> <!-- Saveaddress -->
        <test-method signature="Clickonprofiledropdown()[pri:14, instance:runtask.Run_login@77847718]" started-at="2024-07-25T17:44:41 IST" name="Clickonprofiledropdown" finished-at="2024-07-25T17:44:41 IST" duration-ms="55" status="PASS">
          <reporter-output>
          </reporter-output>
        </test-method> <!-- Clickonprofiledropdown -->
        <test-method signature="Signout()[pri:15, instance:runtask.Run_login@77847718]" started-at="2024-07-25T17:44:41 IST" name="Signout" finished-at="2024-07-25T17:44:44 IST" duration-ms="2815" status="PASS">
          <reporter-output>
          </reporter-output>
        </test-method> <!-- Signout -->
        <test-method signature="testLogin()[pri:16, instance:runtask.Run_login@77847718]" started-at="2024-07-25T17:44:44 IST" name="testLogin" finished-at="2024-07-25T17:44:48 IST" duration-ms="4060" status="PASS">
          <reporter-output>
          </reporter-output>
        </test-method> <!-- testLogin -->
        <test-method signature="searchButton()[pri:17, instance:runtask.Run_login@77847718]" started-at="2024-07-25T17:44:48 IST" name="searchButton" finished-at="2024-07-25T17:44:50 IST" duration-ms="2083" status="PASS">
          <reporter-output>
          </reporter-output>
        </test-method> <!-- searchButton -->
        <test-method signature="clickproduct()[pri:18, instance:runtask.Run_login@77847718]" started-at="2024-07-25T17:44:50 IST" name="clickproduct" finished-at="2024-07-25T17:44:51 IST" duration-ms="1637" status="PASS">
          <reporter-output>
          </reporter-output>
        </test-method> <!-- clickproduct -->
        <test-method signature="Selectimage()[pri:19, instance:runtask.Run_login@77847718]" started-at="2024-07-25T17:44:51 IST" name="Selectimage" finished-at="2024-07-25T17:44:51 IST" duration-ms="20" status="PASS">
          <reporter-output>
          </reporter-output>
        </test-method> <!-- Selectimage -->
        <test-method signature="Selectsize()[pri:20, instance:runtask.Run_login@77847718]" started-at="2024-07-25T17:44:51 IST" name="Selectsize" finished-at="2024-07-25T17:44:51 IST" duration-ms="56" status="PASS">
          <reporter-output>
          </reporter-output>
        </test-method> <!-- Selectsize -->
        <test-method signature="Selectcolor()[pri:21, instance:runtask.Run_login@77847718]" started-at="2024-07-25T17:44:51 IST" name="Selectcolor" finished-at="2024-07-25T17:44:52 IST" duration-ms="51" status="PASS">
          <reporter-output>
          </reporter-output>
        </test-method> <!-- Selectcolor -->
        <test-method signature="Cartquantity()[pri:22, instance:runtask.Run_login@77847718]" started-at="2024-07-25T17:44:52 IST" name="Cartquantity" finished-at="2024-07-25T17:44:52 IST" duration-ms="118" status="PASS">
          <reporter-output>
          </reporter-output>
        </test-method> <!-- Cartquantity -->
        <test-method signature="Addtocart()[pri:23, instance:runtask.Run_login@77847718]" started-at="2024-07-25T17:44:52 IST" name="Addtocart" finished-at="2024-07-25T17:44:52 IST" duration-ms="56" status="PASS">
          <reporter-output>
          </reporter-output>
        </test-method> <!-- Addtocart -->
        <test-method signature="Mycarticon()[pri:24, instance:runtask.Run_login@77847718]" started-at="2024-07-25T17:44:52 IST" name="Mycarticon" finished-at="2024-07-25T17:44:52 IST" duration-ms="53" status="PASS">
          <reporter-output>
          </reporter-output>
        </test-method> <!-- Mycarticon -->
        <test-method signature="Checkoutbutton()[pri:25, instance:runtask.Run_login@77847718]" started-at="2024-07-25T17:44:52 IST" name="Checkoutbutton" finished-at="2024-07-25T17:45:00 IST" duration-ms="8199" status="PASS">
          <reporter-output>
          </reporter-output>
        </test-method> <!-- Checkoutbutton -->
        <test-method signature="scroll()[pri:26, instance:runtask.Run_login@77847718]" started-at="2024-07-25T17:45:00 IST" name="scroll" finished-at="2024-07-25T17:45:00 IST" duration-ms="20" status="PASS">
          <reporter-output>
          </reporter-output>
        </test-method> <!-- scroll -->
        <test-method signature="Next()[pri:27, instance:runtask.Run_login@77847718]" started-at="2024-07-25T17:45:00 IST" name="Next" finished-at="2024-07-25T17:45:05 IST" duration-ms="5056" status="PASS">
          <reporter-output>
          </reporter-output>
        </test-method> <!-- Next -->
        <test-method signature="Placeorder()[pri:28, instance:runtask.Run_login@77847718]" started-at="2024-07-25T17:45:05 IST" name="Placeorder" finished-at="2024-07-25T17:45:05 IST" duration-ms="69" status="PASS">
          <reporter-output>
          </reporter-output>
        </test-method> <!-- Placeorder -->
        <test-method signature="Clickprofiledropdown()[pri:29, instance:runtask.Run_login@77847718]" started-at="2024-07-25T17:45:05 IST" name="Clickprofiledropdown" finished-at="2024-07-25T17:45:09 IST" duration-ms="4278" status="PASS">
          <reporter-output>
          </reporter-output>
        </test-method> <!-- Clickprofiledropdown -->
        <test-method signature="Clickonmyaccount()[pri:30, instance:runtask.Run_login@77847718]" started-at="2024-07-25T17:45:09 IST" name="Clickonmyaccount" finished-at="2024-07-25T17:45:11 IST" duration-ms="1495" status="PASS">
          <reporter-output>
          </reporter-output>
        </test-method> <!-- Clickonmyaccount -->
        <test-method signature="Clickonchangepassword()[pri:31, instance:runtask.Run_login@77847718]" started-at="2024-07-25T17:45:11 IST" name="Clickonchangepassword" finished-at="2024-07-25T17:45:12 IST" duration-ms="1471" status="PASS">
          <reporter-output>
          </reporter-output>
        </test-method> <!-- Clickonchangepassword -->
        <test-method signature="ClickonCurrentPassword()[pri:32, instance:runtask.Run_login@77847718]" started-at="2024-07-25T17:45:12 IST" name="ClickonCurrentPassword" finished-at="2024-07-25T17:45:12 IST" duration-ms="74" status="PASS">
          <reporter-output>
          </reporter-output>
        </test-method> <!-- ClickonCurrentPassword -->
        <test-method signature="ClickonNewPassword()[pri:33, instance:runtask.Run_login@77847718]" started-at="2024-07-25T17:45:12 IST" name="ClickonNewPassword" finished-at="2024-07-25T17:45:12 IST" duration-ms="68" status="PASS">
          <reporter-output>
          </reporter-output>
        </test-method> <!-- ClickonNewPassword -->
        <test-method signature="ClickonNewConfirmPassword()[pri:34, instance:runtask.Run_login@77847718]" started-at="2024-07-25T17:45:12 IST" name="ClickonNewConfirmPassword" finished-at="2024-07-25T17:45:13 IST" duration-ms="61" status="PASS">
          <reporter-output>
          </reporter-output>
        </test-method> <!-- ClickonNewConfirmPassword -->
        <test-method signature="ClickonSave()[pri:35, instance:runtask.Run_login@77847718]" started-at="2024-07-25T17:45:13 IST" name="ClickonSave" finished-at="2024-07-25T17:45:16 IST" duration-ms="3241" status="PASS">
          <reporter-output>
          </reporter-output>
        </test-method> <!-- ClickonSave -->
      </class> <!-- runtask.Run_login -->
    </test> <!-- Default test -->
  </suite> <!-- Default suite -->
</testng-results>
